{"/Users/adevadiga/anoopdev/openSourceWork/step-flow-wizard/src/StepFlowWizard.tsx": {"path":"/Users/adevadiga/anoopdev/openSourceWork/step-flow-wizard/src/StepFlowWizard.tsx","statementMap":{"0":{"start":{"line":8,"column":34},"end":{"line":12,"column":1}},"1":{"start":{"line":14,"column":13},"end":{"line":20,"column":1}},"2":{"start":{"line":18,"column":31},"end":{"line":18,"column":36}},"3":{"start":{"line":19,"column":2},"end":{"line":19,"column":56}},"4":{"start":{"line":22,"column":23},"end":{"line":74,"column":1}},"5":{"start":{"line":23,"column":28},"end":{"line":23,"column":74}},"6":{"start":{"line":25,"column":30},"end":{"line":30,"column":3}},"7":{"start":{"line":27,"column":6},"end":{"line":27,"column":55}},"8":{"start":{"line":32,"column":26},"end":{"line":37,"column":3}},"9":{"start":{"line":34,"column":6},"end":{"line":34,"column":51}},"10":{"start":{"line":39,"column":27},"end":{"line":44,"column":3}},"11":{"start":{"line":41,"column":6},"end":{"line":41,"column":58}},"12":{"start":{"line":46,"column":22},"end":{"line":51,"column":3}},"13":{"start":{"line":48,"column":6},"end":{"line":48,"column":52}},"14":{"start":{"line":53,"column":43},"end":{"line":53,"column":48}},"15":{"start":{"line":55,"column":30},"end":{"line":55,"column":77}},"16":{"start":{"line":56,"column":30},"end":{"line":56,"column":81}},"17":{"start":{"line":57,"column":31},"end":{"line":57,"column":90}},"18":{"start":{"line":60,"column":2},"end":{"line":71,"column":3}},"19":{"start":{"line":61,"column":4},"end":{"line":70,"column":6}},"20":{"start":{"line":73,"column":2},"end":{"line":73,"column":14}}},"fnMap":{"0":{"name":"(anonymous_0)","decl":{"start":{"line":14,"column":13},"end":{"line":14,"column":14}},"loc":{"start":{"line":17,"column":18},"end":{"line":20,"column":1}},"line":17},"1":{"name":"(anonymous_1)","decl":{"start":{"line":22,"column":23},"end":{"line":22,"column":24}},"loc":{"start":{"line":22,"column":47},"end":{"line":74,"column":1}},"line":22},"2":{"name":"(anonymous_2)","decl":{"start":{"line":26,"column":4},"end":{"line":26,"column":5}},"loc":{"start":{"line":26,"column":33},"end":{"line":28,"column":5}},"line":26},"3":{"name":"(anonymous_3)","decl":{"start":{"line":33,"column":4},"end":{"line":33,"column":5}},"loc":{"start":{"line":33,"column":33},"end":{"line":35,"column":5}},"line":33},"4":{"name":"(anonymous_4)","decl":{"start":{"line":40,"column":4},"end":{"line":40,"column":5}},"loc":{"start":{"line":40,"column":33},"end":{"line":42,"column":5}},"line":40},"5":{"name":"(anonymous_5)","decl":{"start":{"line":47,"column":4},"end":{"line":47,"column":5}},"loc":{"start":{"line":47,"column":33},"end":{"line":49,"column":5}},"line":47}},"branchMap":{"0":{"loc":{"start":{"line":57,"column":31},"end":{"line":57,"column":90}},"type":"cond-expr","locations":[{"start":{"line":57,"column":57},"end":{"line":57,"column":78}},{"start":{"line":57,"column":81},"end":{"line":57,"column":90}}],"line":57},"1":{"loc":{"start":{"line":60,"column":2},"end":{"line":71,"column":3}},"type":"if","locations":[{"start":{"line":60,"column":2},"end":{"line":71,"column":3}},{"start":{},"end":{}}],"line":60},"2":{"loc":{"start":{"line":64,"column":27},"end":{"line":64,"column":80}},"type":"cond-expr","locations":[{"start":{"line":64,"column":49},"end":{"line":64,"column":68}},{"start":{"line":64,"column":71},"end":{"line":64,"column":80}}],"line":64},"3":{"loc":{"start":{"line":65,"column":23},"end":{"line":65,"column":72}},"type":"cond-expr","locations":[{"start":{"line":65,"column":45},"end":{"line":65,"column":60}},{"start":{"line":65,"column":63},"end":{"line":65,"column":72}}],"line":65}},"s":{"0":1,"1":1,"2":1,"3":1,"4":1,"5":1,"6":1,"7":0,"8":1,"9":0,"10":1,"11":0,"12":1,"13":0,"14":1,"15":1,"16":1,"17":1,"18":1,"19":1,"20":0},"f":{"0":1,"1":1,"2":0,"3":0,"4":0,"5":0},"b":{"0":[1,0],"1":[1,0],"2":[0,1],"3":[1,0]},"_coverageSchema":"1a1c01bbd47fc00a2c39e90264f33305004495a9","hash":"cebc4f5b976c56cffe00396cce018bfdac0be760"}
,"/Users/adevadiga/anoopdev/openSourceWork/step-flow-wizard/src/WizardScreenRenderer.tsx": {"path":"/Users/adevadiga/anoopdev/openSourceWork/step-flow-wizard/src/WizardScreenRenderer.tsx","statementMap":{"0":{"start":{"line":4,"column":75},"end":{"line":16,"column":1}},"1":{"start":{"line":13,"column":6},"end":{"line":13,"column":11}},"2":{"start":{"line":15,"column":2},"end":{"line":15,"column":114}}},"fnMap":{"0":{"name":"(anonymous_0)","decl":{"start":{"line":4,"column":75},"end":{"line":4,"column":76}},"loc":{"start":{"line":4,"column":86},"end":{"line":16,"column":1}},"line":4}},"branchMap":{},"s":{"0":1,"1":1,"2":1},"f":{"0":1},"b":{},"_coverageSchema":"1a1c01bbd47fc00a2c39e90264f33305004495a9","hash":"b67ef476c7ebc75e5d0a3eee2d5331b9072f91b8"}
,"/Users/adevadiga/anoopdev/openSourceWork/step-flow-wizard/src/stepFlowReducer.ts": {"path":"/Users/adevadiga/anoopdev/openSourceWork/step-flow-wizard/src/stepFlowReducer.ts","statementMap":{"0":{"start":{"line":4,"column":29},"end":{"line":4,"column":31}},"1":{"start":{"line":6,"column":26},"end":{"line":6,"column":106}},"2":{"start":{"line":6,"column":70},"end":{"line":6,"column":106}},"3":{"start":{"line":8,"column":32},"end":{"line":10,"column":1}},"4":{"start":{"line":9,"column":2},"end":{"line":9,"column":60}},"5":{"start":{"line":12,"column":27},"end":{"line":22,"column":1}},"6":{"start":{"line":13,"column":52},"end":{"line":13,"column":58}},"7":{"start":{"line":14,"column":2},"end":{"line":16,"column":3}},"8":{"start":{"line":15,"column":4},"end":{"line":15,"column":35}},"9":{"start":{"line":18,"column":28},"end":{"line":18,"column":79}},"10":{"start":{"line":19,"column":2},"end":{"line":19,"column":53}},"11":{"start":{"line":21,"column":2},"end":{"line":21,"column":27}},"12":{"start":{"line":25,"column":28},"end":{"line":34,"column":1}},"13":{"start":{"line":26,"column":16},"end":{"line":26,"column":78}},"14":{"start":{"line":26,"column":44},"end":{"line":26,"column":77}},"15":{"start":{"line":27,"column":2},"end":{"line":31,"column":3}},"16":{"start":{"line":28,"column":4},"end":{"line":30,"column":5}},"17":{"start":{"line":29,"column":6},"end":{"line":29,"column":19}},"18":{"start":{"line":33,"column":2},"end":{"line":33,"column":12}},"19":{"start":{"line":36,"column":34},"end":{"line":45,"column":1}},"20":{"start":{"line":37,"column":20},"end":{"line":37,"column":68}},"21":{"start":{"line":38,"column":2},"end":{"line":40,"column":3}},"22":{"start":{"line":39,"column":4},"end":{"line":39,"column":32}},"23":{"start":{"line":42,"column":2},"end":{"line":44,"column":74}},"24":{"start":{"line":47,"column":22},"end":{"line":56,"column":1}},"25":{"start":{"line":48,"column":2},"end":{"line":53,"column":3}},"26":{"start":{"line":49,"column":29},"end":{"line":49,"column":87}},"27":{"start":{"line":50,"column":4},"end":{"line":52,"column":5}},"28":{"start":{"line":51,"column":6},"end":{"line":51,"column":30}},"29":{"start":{"line":55,"column":2},"end":{"line":55,"column":80}},"30":{"start":{"line":58,"column":34},"end":{"line":67,"column":1}},"31":{"start":{"line":59,"column":2},"end":{"line":64,"column":3}},"32":{"start":{"line":60,"column":29},"end":{"line":60,"column":87}},"33":{"start":{"line":61,"column":4},"end":{"line":63,"column":5}},"34":{"start":{"line":62,"column":6},"end":{"line":62,"column":30}},"35":{"start":{"line":66,"column":2},"end":{"line":66,"column":30}},"36":{"start":{"line":75,"column":43},"end":{"line":75,"column":48}},"37":{"start":{"line":79,"column":2},"end":{"line":84,"column":3}},"38":{"start":{"line":80,"column":93},"end":{"line":80,"column":107}},"39":{"start":{"line":82,"column":4},"end":{"line":82,"column":51}},"40":{"start":{"line":83,"column":4},"end":{"line":83,"column":23}},"41":{"start":{"line":87,"column":26},"end":{"line":87,"column":45}},"42":{"start":{"line":89,"column":2},"end":{"line":100,"column":3}},"43":{"start":{"line":91,"column":6},"end":{"line":91,"column":138}},"44":{"start":{"line":93,"column":6},"end":{"line":93,"column":139}},"45":{"start":{"line":95,"column":6},"end":{"line":95,"column":130}},"46":{"start":{"line":97,"column":6},"end":{"line":97,"column":47}},"47":{"start":{"line":99,"column":6},"end":{"line":99,"column":45}},"48":{"start":{"line":104,"column":33},"end":{"line":107,"column":1}},"49":{"start":{"line":105,"column":20},"end":{"line":105,"column":85}},"50":{"start":{"line":106,"column":2},"end":{"line":106,"column":44}},"51":{"start":{"line":109,"column":37},"end":{"line":112,"column":1}},"52":{"start":{"line":110,"column":20},"end":{"line":110,"column":84}},"53":{"start":{"line":111,"column":2},"end":{"line":111,"column":44}}},"fnMap":{"0":{"name":"(anonymous_0)","decl":{"start":{"line":6,"column":26},"end":{"line":6,"column":27}},"loc":{"start":{"line":6,"column":70},"end":{"line":6,"column":106}},"line":6},"1":{"name":"(anonymous_1)","decl":{"start":{"line":8,"column":32},"end":{"line":8,"column":33}},"loc":{"start":{"line":8,"column":81},"end":{"line":10,"column":1}},"line":8},"2":{"name":"(anonymous_2)","decl":{"start":{"line":12,"column":27},"end":{"line":12,"column":28}},"loc":{"start":{"line":12,"column":79},"end":{"line":22,"column":1}},"line":12},"3":{"name":"(anonymous_3)","decl":{"start":{"line":25,"column":28},"end":{"line":25,"column":29}},"loc":{"start":{"line":25,"column":104},"end":{"line":34,"column":1}},"line":25},"4":{"name":"(anonymous_4)","decl":{"start":{"line":26,"column":34},"end":{"line":26,"column":35}},"loc":{"start":{"line":26,"column":44},"end":{"line":26,"column":77}},"line":26},"5":{"name":"(anonymous_5)","decl":{"start":{"line":36,"column":34},"end":{"line":36,"column":35}},"loc":{"start":{"line":36,"column":140},"end":{"line":45,"column":1}},"line":36},"6":{"name":"(anonymous_6)","decl":{"start":{"line":47,"column":22},"end":{"line":47,"column":23}},"loc":{"start":{"line":47,"column":150},"end":{"line":56,"column":1}},"line":47},"7":{"name":"(anonymous_7)","decl":{"start":{"line":58,"column":34},"end":{"line":58,"column":35}},"loc":{"start":{"line":58,"column":111},"end":{"line":67,"column":1}},"line":58},"8":{"name":"reducer","decl":{"start":{"line":74,"column":17},"end":{"line":74,"column":24}},"loc":{"start":{"line":74,"column":85},"end":{"line":101,"column":1}},"line":74},"9":{"name":"(anonymous_9)","decl":{"start":{"line":104,"column":33},"end":{"line":104,"column":34}},"loc":{"start":{"line":104,"column":110},"end":{"line":107,"column":1}},"line":104},"10":{"name":"(anonymous_10)","decl":{"start":{"line":109,"column":37},"end":{"line":109,"column":38}},"loc":{"start":{"line":109,"column":114},"end":{"line":112,"column":1}},"line":109}},"branchMap":{"0":{"loc":{"start":{"line":6,"column":70},"end":{"line":6,"column":106}},"type":"binary-expr","locations":[{"start":{"line":6,"column":70},"end":{"line":6,"column":79}},{"start":{"line":6,"column":83},"end":{"line":6,"column":106}}],"line":6},"1":{"loc":{"start":{"line":14,"column":2},"end":{"line":16,"column":3}},"type":"if","locations":[{"start":{"line":14,"column":2},"end":{"line":16,"column":3}},{"start":{},"end":{}}],"line":14},"2":{"loc":{"start":{"line":18,"column":28},"end":{"line":18,"column":79}},"type":"cond-expr","locations":[{"start":{"line":18,"column":43},"end":{"line":18,"column":72}},{"start":{"line":18,"column":75},"end":{"line":18,"column":79}}],"line":18},"3":{"loc":{"start":{"line":27,"column":2},"end":{"line":31,"column":3}},"type":"if","locations":[{"start":{"line":27,"column":2},"end":{"line":31,"column":3}},{"start":{},"end":{}}],"line":27},"4":{"loc":{"start":{"line":28,"column":4},"end":{"line":30,"column":5}},"type":"if","locations":[{"start":{"line":28,"column":4},"end":{"line":30,"column":5}},{"start":{},"end":{}}],"line":28},"5":{"loc":{"start":{"line":37,"column":20},"end":{"line":37,"column":68}},"type":"cond-expr","locations":[{"start":{"line":37,"column":33},"end":{"line":37,"column":49}},{"start":{"line":37,"column":52},"end":{"line":37,"column":68}}],"line":37},"6":{"loc":{"start":{"line":38,"column":2},"end":{"line":40,"column":3}},"type":"if","locations":[{"start":{"line":38,"column":2},"end":{"line":40,"column":3}},{"start":{},"end":{}}],"line":38},"7":{"loc":{"start":{"line":42,"column":9},"end":{"line":44,"column":73}},"type":"cond-expr","locations":[{"start":{"line":43,"column":6},"end":{"line":43,"column":15}},{"start":{"line":44,"column":6},"end":{"line":44,"column":73}}],"line":42},"8":{"loc":{"start":{"line":48,"column":2},"end":{"line":53,"column":3}},"type":"if","locations":[{"start":{"line":48,"column":2},"end":{"line":53,"column":3}},{"start":{},"end":{}}],"line":48},"9":{"loc":{"start":{"line":50,"column":4},"end":{"line":52,"column":5}},"type":"if","locations":[{"start":{"line":50,"column":4},"end":{"line":52,"column":5}},{"start":{},"end":{}}],"line":50},"10":{"loc":{"start":{"line":59,"column":2},"end":{"line":64,"column":3}},"type":"if","locations":[{"start":{"line":59,"column":2},"end":{"line":64,"column":3}},{"start":{},"end":{}}],"line":59},"11":{"loc":{"start":{"line":61,"column":4},"end":{"line":63,"column":5}},"type":"if","locations":[{"start":{"line":61,"column":4},"end":{"line":63,"column":5}},{"start":{},"end":{}}],"line":61},"12":{"loc":{"start":{"line":79,"column":2},"end":{"line":84,"column":3}},"type":"if","locations":[{"start":{"line":79,"column":2},"end":{"line":84,"column":3}},{"start":{},"end":{}}],"line":79},"13":{"loc":{"start":{"line":82,"column":18},"end":{"line":82,"column":50}},"type":"binary-expr","locations":[{"start":{"line":82,"column":18},"end":{"line":82,"column":31}},{"start":{"line":82,"column":35},"end":{"line":82,"column":50}}],"line":82},"14":{"loc":{"start":{"line":89,"column":2},"end":{"line":100,"column":3}},"type":"switch","locations":[{"start":{"line":90,"column":4},"end":{"line":91,"column":138}},{"start":{"line":92,"column":4},"end":{"line":93,"column":139}},{"start":{"line":94,"column":4},"end":{"line":95,"column":130}},{"start":{"line":96,"column":4},"end":{"line":97,"column":47}},{"start":{"line":98,"column":4},"end":{"line":99,"column":45}}],"line":89}},"s":{"0":1,"1":1,"2":2,"3":1,"4":1,"5":1,"6":1,"7":1,"8":0,"9":1,"10":1,"11":1,"12":1,"13":0,"14":0,"15":0,"16":0,"17":0,"18":0,"19":1,"20":2,"21":2,"22":1,"23":1,"24":1,"25":0,"26":0,"27":0,"28":0,"29":0,"30":1,"31":0,"32":0,"33":0,"34":0,"35":0,"36":0,"37":0,"38":0,"39":0,"40":0,"41":0,"42":0,"43":0,"44":0,"45":0,"46":0,"47":0,"48":1,"49":1,"50":1,"51":1,"52":1,"53":1},"f":{"0":2,"1":1,"2":1,"3":0,"4":0,"5":2,"6":0,"7":0,"8":0,"9":1,"10":1},"b":{"0":[2,1],"1":[0,1],"2":[0,1],"3":[0,0],"4":[0,0],"5":[1,1],"6":[1,1],"7":[1,0],"8":[0,0],"9":[0,0],"10":[0,0],"11":[0,0],"12":[0,0],"13":[0,0],"14":[0,0,0,0,0]},"_coverageSchema":"1a1c01bbd47fc00a2c39e90264f33305004495a9","hash":"c3d14a732ea4d128bb5301b142f6814e05a37cda"}
,"/Users/adevadiga/anoopdev/openSourceWork/step-flow-wizard/src/utils.ts": {"path":"/Users/adevadiga/anoopdev/openSourceWork/step-flow-wizard/src/utils.ts","statementMap":{"0":{"start":{"line":1,"column":20},"end":{"line":6,"column":1}}},"fnMap":{},"branchMap":{},"s":{"0":1},"f":{},"b":{},"_coverageSchema":"1a1c01bbd47fc00a2c39e90264f33305004495a9","hash":"2abc5de173a2e88c9f1b562eac1f7baf53ef5200"}
}
